<?xml version="1.0" encoding="UTF-8"?>
<!-- Generated by org.testng.reporters.JUnitReportReporter -->
<testsuite hostname="Akshay-PC" failures="0" tests="4" name="Agreement.TC_Login" time="1063.479" errors="0" timestamp="2022-09-07T14:19:41 IST" skipped="0">
  <testcase classname="Agreement.TC_Login" name="loginFunctionality" time="296.884"/>
  <system-out/>
  <testcase classname="Agreement.TC_Login" name="MyProfile_PersonalProfile_PrivateProfile" time="300.244"/>
  <system-out/>
  <testcase classname="Agreement.TC_Login" name="MyProfile_PersonalProfile_PublicProfile" time="227.097"/>
  <system-out/>
  <testcase classname="Agreement.TC_Login" name="MyDashboardTab" time="239.254"/>
  <system-out/>
</testsuite> <!-- Agreement.TC_Login -->
